[2026-01-24 20:33:59] production.ERROR: The "--columns" option does not exist. {"exception":"[object] (Symfony\\Component\\Console\\Exception\\RuntimeException(code: 0): The \"--columns\" option does not exist. at /Users/gregrobinson/WebApps/AutomateHub/site/vendor/symfony/console/Input/ArgvInput.php:226)
[stacktrace]
#0 /Users/gregrobinson/WebApps/AutomateHub/site/vendor/symfony/console/Input/ArgvInput.php(153): Symfony\\Component\\Console\\Input\\ArgvInput->addLongOption('columns', 'method,uri,name')
#1 /Users/gregrobinson/WebApps/AutomateHub/site/vendor/symfony/console/Input/ArgvInput.php(88): Symfony\\Component\\Console\\Input\\ArgvInput->parseLongOption('--columns=metho...')
#2 /Users/gregrobinson/WebApps/AutomateHub/site/vendor/symfony/console/Input/ArgvInput.php(77): Symfony\\Component\\Console\\Input\\ArgvInput->parseToken('--columns=metho...', true)
#3 /Users/gregrobinson/WebApps/AutomateHub/site/vendor/symfony/console/Input/Input.php(53): Symfony\\Component\\Console\\Input\\ArgvInput->parse()
#4 /Users/gregrobinson/WebApps/AutomateHub/site/vendor/symfony/console/Command/Command.php(238): Symfony\\Component\\Console\\Input\\Input->bind(Object(Symfony\\Component\\Console\\Input\\InputDefinition))
#5 /Users/gregrobinson/WebApps/AutomateHub/site/vendor/laravel/framework/src/Illuminate/Console/Command.php(180): Symfony\\Component\\Console\\Command\\Command->run(Object(Symfony\\Component\\Console\\Input\\ArgvInput), Object(Illuminate\\Console\\OutputStyle))
#6 /Users/gregrobinson/WebApps/AutomateHub/site/vendor/symfony/console/Application.php(1094): Illuminate\\Console\\Command->run(Object(Symfony\\Component\\Console\\Input\\ArgvInput), Object(Symfony\\Component\\Console\\Output\\ConsoleOutput))
#7 /Users/gregrobinson/WebApps/AutomateHub/site/vendor/symfony/console/Application.php(342): Symfony\\Component\\Console\\Application->doRunCommand(Object(Illuminate\\Foundation\\Console\\RouteListCommand), Object(Symfony\\Component\\Console\\Input\\ArgvInput), Object(Symfony\\Component\\Console\\Output\\ConsoleOutput))
#8 /Users/gregrobinson/WebApps/AutomateHub/site/vendor/symfony/console/Application.php(193): Symfony\\Component\\Console\\Application->doRun(Object(Symfony\\Component\\Console\\Input\\ArgvInput), Object(Symfony\\Component\\Console\\Output\\ConsoleOutput))
#9 /Users/gregrobinson/WebApps/AutomateHub/site/vendor/laravel/framework/src/Illuminate/Foundation/Console/Kernel.php(197): Symfony\\Component\\Console\\Application->run(Object(Symfony\\Component\\Console\\Input\\ArgvInput), Object(Symfony\\Component\\Console\\Output\\ConsoleOutput))
#10 /Users/gregrobinson/WebApps/AutomateHub/site/vendor/laravel/framework/src/Illuminate/Foundation/Application.php(1234): Illuminate\\Foundation\\Console\\Kernel->handle(Object(Symfony\\Component\\Console\\Input\\ArgvInput), Object(Symfony\\Component\\Console\\Output\\ConsoleOutput))
#11 /Users/gregrobinson/WebApps/AutomateHub/site/artisan(16): Illuminate\\Foundation\\Application->handleCommand(Object(Symfony\\Component\\Console\\Input\\ArgvInput))
#12 {main}
"} 
[2026-01-24 20:34:03] production.ERROR: include(/Users/gregrobinson/WebApps/AutomateHub/site/vendor/composer/../../app/Http/Controllers/WorkflowController.php): Failed to open stream: No such file or directory {"exception":"[object] (ErrorException(code: 0): include(/Users/gregrobinson/WebApps/AutomateHub/site/vendor/composer/../../app/Http/Controllers/WorkflowController.php): Failed to open stream: No such file or directory at /Users/gregrobinson/WebApps/AutomateHub/site/vendor/composer/ClassLoader.php:576)
[stacktrace]
#0 /Users/gregrobinson/WebApps/AutomateHub/site/vendor/laravel/framework/src/Illuminate/Foundation/Bootstrap/HandleExceptions.php(256): Illuminate\\Foundation\\Bootstrap\\HandleExceptions->handleError(2, 'include(/Users/...', '/Users/gregrobi...', 576)
#1 /Users/gregrobinson/WebApps/AutomateHub/site/vendor/composer/ClassLoader.php(576): Illuminate\\Foundation\\Bootstrap\\HandleExceptions->{closure:Illuminate\\Foundation\\Bootstrap\\HandleExceptions::forwardsTo():255}(2, 'include(/Users/...', '/Users/gregrobi...', 576)
#2 /Users/gregrobinson/WebApps/AutomateHub/site/vendor/composer/ClassLoader.php(576): include('/Users/gregrobi...')
#3 /Users/gregrobinson/WebApps/AutomateHub/site/vendor/composer/ClassLoader.php(427): {closure:Composer\\Autoload\\ClassLoader::initializeIncludeClosure():575}('/Users/gregrobi...')
#4 [internal function]: Composer\\Autoload\\ClassLoader->loadClass('App\\\\Http\\\\Contro...')
#5 /Users/gregrobinson/WebApps/AutomateHub/site/vendor/laravel/framework/src/Illuminate/Routing/Route.php(1119): is_a('App\\\\Http\\\\Contro...', 'Illuminate\\\\Rout...', true)
#6 /Users/gregrobinson/WebApps/AutomateHub/site/vendor/laravel/framework/src/Illuminate/Routing/Route.php(1056): Illuminate\\Routing\\Route->controllerMiddleware()
#7 /Users/gregrobinson/WebApps/AutomateHub/site/vendor/laravel/framework/src/Illuminate/Routing/Router.php(820): Illuminate\\Routing\\Route->gatherMiddleware()
#8 /Users/gregrobinson/WebApps/AutomateHub/site/vendor/laravel/framework/src/Illuminate/Foundation/Console/RouteListCommand.php(211): Illuminate\\Routing\\Router->gatherRouteMiddleware(Object(Illuminate\\Routing\\Route))
#9 /Users/gregrobinson/WebApps/AutomateHub/site/vendor/laravel/framework/src/Illuminate/Foundation/Console/RouteListCommand.php(148): Illuminate\\Foundation\\Console\\RouteListCommand->getMiddleware(Object(Illuminate\\Routing\\Route))
#10 /Users/gregrobinson/WebApps/AutomateHub/site/vendor/laravel/framework/src/Illuminate/Foundation/Console/RouteListCommand.php(117): Illuminate\\Foundation\\Console\\RouteListCommand->getRouteInformation(Object(Illuminate\\Routing\\Route))
#11 [internal function]: Illuminate\\Foundation\\Console\\RouteListCommand->{closure:Illuminate\\Foundation\\Console\\RouteListCommand::getRoutes():117}(Object(Illuminate\\Routing\\Route), 6)
#12 /Users/gregrobinson/WebApps/AutomateHub/site/vendor/laravel/framework/src/Illuminate/Collections/Arr.php(725): array_map(Object(Closure), Array, Array)
#13 /Users/gregrobinson/WebApps/AutomateHub/site/vendor/laravel/framework/src/Illuminate/Collections/Collection.php(805): Illuminate\\Support\\Arr::map(Array, Object(Closure))
#14 /Users/gregrobinson/WebApps/AutomateHub/site/vendor/laravel/framework/src/Illuminate/Foundation/Console/RouteListCommand.php(117): Illuminate\\Support\\Collection->map(Object(Closure))
#15 /Users/gregrobinson/WebApps/AutomateHub/site/vendor/laravel/framework/src/Illuminate/Foundation/Console/RouteListCommand.php(102): Illuminate\\Foundation\\Console\\RouteListCommand->getRoutes()
#16 /Users/gregrobinson/WebApps/AutomateHub/site/vendor/laravel/framework/src/Illuminate/Container/BoundMethod.php(36): Illuminate\\Foundation\\Console\\RouteListCommand->handle()
#17 /Users/gregrobinson/WebApps/AutomateHub/site/vendor/laravel/framework/src/Illuminate/Container/Util.php(43): Illuminate\\Container\\BoundMethod::{closure:Illuminate\\Container\\BoundMethod::call():35}()
#18 /Users/gregrobinson/WebApps/AutomateHub/site/vendor/laravel/framework/src/Illuminate/Container/BoundMethod.php(96): Illuminate\\Container\\Util::unwrapIfClosure(Object(Closure))
#19 /Users/gregrobinson/WebApps/AutomateHub/site/vendor/laravel/framework/src/Illuminate/Container/BoundMethod.php(35): Illuminate\\Container\\BoundMethod::callBoundMethod(Object(Illuminate\\Foundation\\Application), Array, Object(Closure))
#20 /Users/gregrobinson/WebApps/AutomateHub/site/vendor/laravel/framework/src/Illuminate/Container/Container.php(754): Illuminate\\Container\\BoundMethod::call(Object(Illuminate\\Foundation\\Application), Array, Array, NULL)
#21 /Users/gregrobinson/WebApps/AutomateHub/site/vendor/laravel/framework/src/Illuminate/Console/Command.php(211): Illuminate\\Container\\Container->call(Array)
#22 /Users/gregrobinson/WebApps/AutomateHub/site/vendor/symfony/console/Command/Command.php(279): Illuminate\\Console\\Command->execute(Object(Symfony\\Component\\Console\\Input\\ArgvInput), Object(Illuminate\\Console\\OutputStyle))
#23 /Users/gregrobinson/WebApps/AutomateHub/site/vendor/laravel/framework/src/Illuminate/Console/Command.php(180): Symfony\\Component\\Console\\Command\\Command->run(Object(Symfony\\Component\\Console\\Input\\ArgvInput), Object(Illuminate\\Console\\OutputStyle))
#24 /Users/gregrobinson/WebApps/AutomateHub/site/vendor/symfony/console/Application.php(1094): Illuminate\\Console\\Command->run(Object(Symfony\\Component\\Console\\Input\\ArgvInput), Object(Symfony\\Component\\Console\\Output\\ConsoleOutput))
#25 /Users/gregrobinson/WebApps/AutomateHub/site/vendor/symfony/console/Application.php(342): Symfony\\Component\\Console\\Application->doRunCommand(Object(Illuminate\\Foundation\\Console\\RouteListCommand), Object(Symfony\\Component\\Console\\Input\\ArgvInput), Object(Symfony\\Component\\Console\\Output\\ConsoleOutput))
#26 /Users/gregrobinson/WebApps/AutomateHub/site/vendor/symfony/console/Application.php(193): Symfony\\Component\\Console\\Application->doRun(Object(Symfony\\Component\\Console\\Input\\ArgvInput), Object(Symfony\\Component\\Console\\Output\\ConsoleOutput))
#27 /Users/gregrobinson/WebApps/AutomateHub/site/vendor/laravel/framework/src/Illuminate/Foundation/Console/Kernel.php(197): Symfony\\Component\\Console\\Application->run(Object(Symfony\\Component\\Console\\Input\\ArgvInput), Object(Symfony\\Component\\Console\\Output\\ConsoleOutput))
#28 /Users/gregrobinson/WebApps/AutomateHub/site/vendor/laravel/framework/src/Illuminate/Foundation/Application.php(1234): Illuminate\\Foundation\\Console\\Kernel->handle(Object(Symfony\\Component\\Console\\Input\\ArgvInput), Object(Symfony\\Component\\Console\\Output\\ConsoleOutput))
#29 /Users/gregrobinson/WebApps/AutomateHub/site/artisan(16): Illuminate\\Foundation\\Application->handleCommand(Object(Symfony\\Component\\Console\\Input\\ArgvInput))
#30 {main}
"} 
[2026-01-24 20:34:11] production.ERROR: require(/Users/gregrobinson/WebApps/AutomateHub/site/routes/n8n.php): Failed to open stream: No such file or directory {"exception":"[object] (ErrorException(code: 0): require(/Users/gregrobinson/WebApps/AutomateHub/site/routes/n8n.php): Failed to open stream: No such file or directory at /Users/gregrobinson/WebApps/AutomateHub/site/routes/web.php:144)
[stacktrace]
#0 /Users/gregrobinson/WebApps/AutomateHub/site/vendor/laravel/framework/src/Illuminate/Foundation/Bootstrap/HandleExceptions.php(256): Illuminate\\Foundation\\Bootstrap\\HandleExceptions->handleError(2, 'require(/Users/...', '/Users/gregrobi...', 144)
#1 /Users/gregrobinson/WebApps/AutomateHub/site/routes/web.php(144): Illuminate\\Foundation\\Bootstrap\\HandleExceptions->{closure:Illuminate\\Foundation\\Bootstrap\\HandleExceptions::forwardsTo():255}(2, 'require(/Users/...', '/Users/gregrobi...', 144)
#2 /Users/gregrobinson/WebApps/AutomateHub/site/routes/web.php(144): require('/Users/gregrobi...')
#3 /Users/gregrobinson/WebApps/AutomateHub/site/vendor/laravel/framework/src/Illuminate/Routing/RouteFileRegistrar.php(34): require('/Users/gregrobi...')
#4 /Users/gregrobinson/WebApps/AutomateHub/site/vendor/laravel/framework/src/Illuminate/Routing/Router.php(512): Illuminate\\Routing\\RouteFileRegistrar->register('/Users/gregrobi...')
#5 /Users/gregrobinson/WebApps/AutomateHub/site/vendor/laravel/framework/src/Illuminate/Routing/Router.php(466): Illuminate\\Routing\\Router->loadRoutes('/Users/gregrobi...')
#6 /Users/gregrobinson/WebApps/AutomateHub/site/vendor/laravel/framework/src/Illuminate/Routing/RouteRegistrar.php(206): Illuminate\\Routing\\Router->group(Array, '/Users/gregrobi...')
#7 /Users/gregrobinson/WebApps/AutomateHub/site/vendor/laravel/framework/src/Illuminate/Foundation/Configuration/ApplicationBuilder.php(248): Illuminate\\Routing\\RouteRegistrar->group('/Users/gregrobi...')
#8 /Users/gregrobinson/WebApps/AutomateHub/site/vendor/laravel/framework/src/Illuminate/Container/BoundMethod.php(36): Illuminate\\Foundation\\Configuration\\ApplicationBuilder->{closure:Illuminate\\Foundation\\Configuration\\ApplicationBuilder::buildRoutingCallback():205}()
#9 /Users/gregrobinson/WebApps/AutomateHub/site/vendor/laravel/framework/src/Illuminate/Container/Util.php(43): Illuminate\\Container\\BoundMethod::{closure:Illuminate\\Container\\BoundMethod::call():35}()
#10 /Users/gregrobinson/WebApps/AutomateHub/site/vendor/laravel/framework/src/Illuminate/Container/BoundMethod.php(84): Illuminate\\Container\\Util::unwrapIfClosure(Object(Closure))
#11 /Users/gregrobinson/WebApps/AutomateHub/site/vendor/laravel/framework/src/Illuminate/Container/BoundMethod.php(35): Illuminate\\Container\\BoundMethod::callBoundMethod(Object(Illuminate\\Foundation\\Application), Object(Closure), Object(Closure))
#12 /Users/gregrobinson/WebApps/AutomateHub/site/vendor/laravel/framework/src/Illuminate/Container/Container.php(754): Illuminate\\Container\\BoundMethod::call(Object(Illuminate\\Foundation\\Application), Object(Closure), Array, NULL)
#13 /Users/gregrobinson/WebApps/AutomateHub/site/vendor/laravel/framework/src/Illuminate/Foundation/Support/Providers/RouteServiceProvider.php(162): Illuminate\\Container\\Container->call(Object(Closure))
#14 /Users/gregrobinson/WebApps/AutomateHub/site/vendor/laravel/framework/src/Illuminate/Foundation/Support/Providers/RouteServiceProvider.php(59): Illuminate\\Foundation\\Support\\Providers\\RouteServiceProvider->loadRoutes()
#15 /Users/gregrobinson/WebApps/AutomateHub/site/vendor/laravel/framework/src/Illuminate/Container/BoundMethod.php(36): Illuminate\\Foundation\\Support\\Providers\\RouteServiceProvider->{closure:Illuminate\\Foundation\\Support\\Providers\\RouteServiceProvider::register():53}()
#16 /Users/gregrobinson/WebApps/AutomateHub/site/vendor/laravel/framework/src/Illuminate/Container/Util.php(43): Illuminate\\Container\\BoundMethod::{closure:Illuminate\\Container\\BoundMethod::call():35}()
#17 /Users/gregrobinson/WebApps/AutomateHub/site/vendor/laravel/framework/src/Illuminate/Container/BoundMethod.php(84): Illuminate\\Container\\Util::unwrapIfClosure(Object(Closure))
#18 /Users/gregrobinson/WebApps/AutomateHub/site/vendor/laravel/framework/src/Illuminate/Container/BoundMethod.php(35): Illuminate\\Container\\BoundMethod::callBoundMethod(Object(Illuminate\\Foundation\\Application), Object(Closure), Object(Closure))
#19 /Users/gregrobinson/WebApps/AutomateHub/site/vendor/laravel/framework/src/Illuminate/Container/Container.php(754): Illuminate\\Container\\BoundMethod::call(Object(Illuminate\\Foundation\\Application), Object(Closure), Array, NULL)
#20 /Users/gregrobinson/WebApps/AutomateHub/site/vendor/laravel/framework/src/Illuminate/Support/ServiceProvider.php(143): Illuminate\\Container\\Container->call(Object(Closure))
#21 /Users/gregrobinson/WebApps/AutomateHub/site/vendor/laravel/framework/src/Illuminate/Foundation/Application.php(1153): Illuminate\\Support\\ServiceProvider->callBootedCallbacks()
#22 /Users/gregrobinson/WebApps/AutomateHub/site/vendor/laravel/framework/src/Illuminate/Foundation/Application.php(1131): Illuminate\\Foundation\\Application->bootProvider(Object(Illuminate\\Foundation\\Support\\Providers\\RouteServiceProvider))
#23 [internal function]: Illuminate\\Foundation\\Application->{closure:Illuminate\\Foundation\\Application::boot():1130}(Object(Illuminate\\Foundation\\Support\\Providers\\RouteServiceProvider), 'Illuminate\\\\Foun...')
#24 /Users/gregrobinson/WebApps/AutomateHub/site/vendor/laravel/framework/src/Illuminate/Foundation/Application.php(1130): array_walk(Array, Object(Closure))
#25 /Users/gregrobinson/WebApps/AutomateHub/site/vendor/laravel/framework/src/Illuminate/Foundation/Bootstrap/BootProviders.php(17): Illuminate\\Foundation\\Application->boot()
#26 /Users/gregrobinson/WebApps/AutomateHub/site/vendor/laravel/framework/src/Illuminate/Foundation/Application.php(341): Illuminate\\Foundation\\Bootstrap\\BootProviders->bootstrap(Object(Illuminate\\Foundation\\Application))
#27 /Users/gregrobinson/WebApps/AutomateHub/site/vendor/laravel/framework/src/Illuminate/Foundation/Console/Kernel.php(473): Illuminate\\Foundation\\Application->bootstrapWith(Array)
#28 /Users/gregrobinson/WebApps/AutomateHub/site/vendor/laravel/framework/src/Illuminate/Foundation/Console/Kernel.php(195): Illuminate\\Foundation\\Console\\Kernel->bootstrap()
#29 /Users/gregrobinson/WebApps/AutomateHub/site/vendor/laravel/framework/src/Illuminate/Foundation/Application.php(1234): Illuminate\\Foundation\\Console\\Kernel->handle(Object(Symfony\\Component\\Console\\Input\\ArgvInput), Object(Symfony\\Component\\Console\\Output\\ConsoleOutput))
#30 /Users/gregrobinson/WebApps/AutomateHub/site/artisan(16): Illuminate\\Foundation\\Application->handleCommand(Object(Symfony\\Component\\Console\\Input\\ArgvInput))
#31 {main}
"} 
[2026-01-24 20:34:31] production.ERROR: Class "App\Http\Controllers\Admin\WorkflowTranslationController" does not exist {"exception":"[object] (ReflectionException(code: -1): Class \"App\\Http\\Controllers\\Admin\\WorkflowTranslationController\" does not exist at /Users/gregrobinson/WebApps/AutomateHub/site/vendor/laravel/framework/src/Illuminate/Foundation/Console/RouteListCommand.php:235)
[stacktrace]
#0 /Users/gregrobinson/WebApps/AutomateHub/site/vendor/laravel/framework/src/Illuminate/Foundation/Console/RouteListCommand.php(235): ReflectionClass->__construct('App\\\\Http\\\\Contro...')
#1 /Users/gregrobinson/WebApps/AutomateHub/site/vendor/laravel/framework/src/Illuminate/Foundation/Console/RouteListCommand.php(149): Illuminate\\Foundation\\Console\\RouteListCommand->isVendorRoute(Object(Illuminate\\Routing\\Route))
#2 /Users/gregrobinson/WebApps/AutomateHub/site/vendor/laravel/framework/src/Illuminate/Foundation/Console/RouteListCommand.php(117): Illuminate\\Foundation\\Console\\RouteListCommand->getRouteInformation(Object(Illuminate\\Routing\\Route))
#3 [internal function]: Illuminate\\Foundation\\Console\\RouteListCommand->{closure:Illuminate\\Foundation\\Console\\RouteListCommand::getRoutes():117}(Object(Illuminate\\Routing\\Route), 151)
#4 /Users/gregrobinson/WebApps/AutomateHub/site/vendor/laravel/framework/src/Illuminate/Collections/Arr.php(725): array_map(Object(Closure), Array, Array)
#5 /Users/gregrobinson/WebApps/AutomateHub/site/vendor/laravel/framework/src/Illuminate/Collections/Collection.php(805): Illuminate\\Support\\Arr::map(Array, Object(Closure))
#6 /Users/gregrobinson/WebApps/AutomateHub/site/vendor/laravel/framework/src/Illuminate/Foundation/Console/RouteListCommand.php(117): Illuminate\\Support\\Collection->map(Object(Closure))
#7 /Users/gregrobinson/WebApps/AutomateHub/site/vendor/laravel/framework/src/Illuminate/Foundation/Console/RouteListCommand.php(102): Illuminate\\Foundation\\Console\\RouteListCommand->getRoutes()
#8 /Users/gregrobinson/WebApps/AutomateHub/site/vendor/laravel/framework/src/Illuminate/Container/BoundMethod.php(36): Illuminate\\Foundation\\Console\\RouteListCommand->handle()
#9 /Users/gregrobinson/WebApps/AutomateHub/site/vendor/laravel/framework/src/Illuminate/Container/Util.php(43): Illuminate\\Container\\BoundMethod::{closure:Illuminate\\Container\\BoundMethod::call():35}()
#10 /Users/gregrobinson/WebApps/AutomateHub/site/vendor/laravel/framework/src/Illuminate/Container/BoundMethod.php(96): Illuminate\\Container\\Util::unwrapIfClosure(Object(Closure))
#11 /Users/gregrobinson/WebApps/AutomateHub/site/vendor/laravel/framework/src/Illuminate/Container/BoundMethod.php(35): Illuminate\\Container\\BoundMethod::callBoundMethod(Object(Illuminate\\Foundation\\Application), Array, Object(Closure))
#12 /Users/gregrobinson/WebApps/AutomateHub/site/vendor/laravel/framework/src/Illuminate/Container/Container.php(754): Illuminate\\Container\\BoundMethod::call(Object(Illuminate\\Foundation\\Application), Array, Array, NULL)
#13 /Users/gregrobinson/WebApps/AutomateHub/site/vendor/laravel/framework/src/Illuminate/Console/Command.php(211): Illuminate\\Container\\Container->call(Array)
#14 /Users/gregrobinson/WebApps/AutomateHub/site/vendor/symfony/console/Command/Command.php(279): Illuminate\\Console\\Command->execute(Object(Symfony\\Component\\Console\\Input\\ArgvInput), Object(Illuminate\\Console\\OutputStyle))
#15 /Users/gregrobinson/WebApps/AutomateHub/site/vendor/laravel/framework/src/Illuminate/Console/Command.php(180): Symfony\\Component\\Console\\Command\\Command->run(Object(Symfony\\Component\\Console\\Input\\ArgvInput), Object(Illuminate\\Console\\OutputStyle))
#16 /Users/gregrobinson/WebApps/AutomateHub/site/vendor/symfony/console/Application.php(1094): Illuminate\\Console\\Command->run(Object(Symfony\\Component\\Console\\Input\\ArgvInput), Object(Symfony\\Component\\Console\\Output\\ConsoleOutput))
#17 /Users/gregrobinson/WebApps/AutomateHub/site/vendor/symfony/console/Application.php(342): Symfony\\Component\\Console\\Application->doRunCommand(Object(Illuminate\\Foundation\\Console\\RouteListCommand), Object(Symfony\\Component\\Console\\Input\\ArgvInput), Object(Symfony\\Component\\Console\\Output\\ConsoleOutput))
#18 /Users/gregrobinson/WebApps/AutomateHub/site/vendor/symfony/console/Application.php(193): Symfony\\Component\\Console\\Application->doRun(Object(Symfony\\Component\\Console\\Input\\ArgvInput), Object(Symfony\\Component\\Console\\Output\\ConsoleOutput))
#19 /Users/gregrobinson/WebApps/AutomateHub/site/vendor/laravel/framework/src/Illuminate/Foundation/Console/Kernel.php(197): Symfony\\Component\\Console\\Application->run(Object(Symfony\\Component\\Console\\Input\\ArgvInput), Object(Symfony\\Component\\Console\\Output\\ConsoleOutput))
#20 /Users/gregrobinson/WebApps/AutomateHub/site/vendor/laravel/framework/src/Illuminate/Foundation/Application.php(1234): Illuminate\\Foundation\\Console\\Kernel->handle(Object(Symfony\\Component\\Console\\Input\\ArgvInput), Object(Symfony\\Component\\Console\\Output\\ConsoleOutput))
#21 /Users/gregrobinson/WebApps/AutomateHub/site/artisan(16): Illuminate\\Foundation\\Application->handleCommand(Object(Symfony\\Component\\Console\\Input\\ArgvInput))
#22 {main}
"} 
